<?xml version="1.0" encoding="UTF-8"?>
<testng-results ignored="0" total="1" passed="1" failed="0" skipped="0">
  <reporter-output>
  </reporter-output>
  <suite started-at="2021-09-02T09:35:58Z" name="Test Suite" finished-at="2021-09-02T09:39:52Z" duration-ms="233486">
    <groups>
    </groups>
    <test started-at="2021-09-02T09:35:58Z" name="CompareTheMarketGenericScenario" finished-at="2021-09-02T09:39:52Z" duration-ms="233486">
      <class name="com.muDomastic.qa.TestCases.EnergyHelplineGenericScenario">
        <test-method is-config="true" signature="setup()[pri:0, instance:com.muDomastic.qa.TestCases.EnergyHelplineGenericScenario@5f8edcc5]" started-at="2021-09-02T10:35:58Z" name="setup" finished-at="2021-09-02T10:36:00Z" duration-ms="2245" status="PASS">
          <reporter-output>
          </reporter-output>
        </test-method> <!-- setup -->
        <test-method signature="executevalue()[pri:0, instance:com.muDomastic.qa.TestCases.EnergyHelplineGenericScenario@5f8edcc5]" started-at="2021-09-02T10:36:00Z" name="executevalue" finished-at="2021-09-02T10:39:51Z" duration-ms="230988" status="PASS">
          <reporter-output>
          </reporter-output>
        </test-method> <!-- executevalue -->
        <test-method is-config="true" signature="closeTest()[pri:0, instance:com.muDomastic.qa.TestCases.EnergyHelplineGenericScenario@5f8edcc5]" started-at="2021-09-02T10:39:51Z" name="closeTest" finished-at="2021-09-02T10:39:52Z" duration-ms="206" status="PASS">
          <reporter-output>
          </reporter-output>
        </test-method> <!-- closeTest -->
      </class> <!-- com.muDomastic.qa.TestCases.EnergyHelplineGenericScenario -->
    </test> <!-- CompareTheMarketGenericScenario -->
  </suite> <!-- Test Suite -->
</testng-results>
