<?xml version="1.0" encoding="UTF-8"?>
<!-- Generated by org.testng.reporters.JUnitXMLReporter -->
<testsuite ignored="0" hostname="Win-1006" failures="0" tests="4" name="allTest&#039;s" time="850.915" errors="0" timestamp="25 Aug 2021 14:49:21 GMT">
  <testcase classname="com.muDomastic.qa.TestCases.USwitchGenericScenario" name="executevalue" time="387.139"/>
  <testcase classname="com.muDomastic.qa.TestCases.CompareTheMarketGenericScenario" name="executevalue" time="86.618"/>
  <testcase classname="com.muDomastic.qa.TestCases.goCompareGenericScenario" name="executevalue" time="262.991"/>
  <testcase classname="com.muDomastic.qa.TestCases.MoneySuperMarketGenericScenario" name="executevalue" time="110.748"/>
</testsuite> <!-- allTest's -->
