<?xml version="1.0" encoding="UTF-8"?>
<!-- Generated by org.testng.reporters.JUnitXMLReporter -->
<testsuite ignored="0" hostname="Win-1006" failures="0" tests="2" name="electricTC" time="259.739" errors="0" timestamp="18 Aug 2021 14:00:55 GMT">
  <testcase classname="com.muDomastic.qa.TestCases.USwitchGenericScenario" name="executevalue" time="192.928"/>
  <testcase classname="com.muDomastic.qa.TestCases.CompareTheMarketGenericScenario" name="executevalue" time="64.359"/>
</testsuite> <!-- electricTC -->
