<?xml version="1.0" encoding="UTF-8"?>
<testng-results ignored="0" total="1" passed="1" failed="0" skipped="0">
  <reporter-output>
  </reporter-output>
  <suite started-at="2021-08-10T11:47:15Z" name="Test Suite" finished-at="2021-08-10T11:58:07Z" duration-ms="651618">
    <groups>
    </groups>
    <test started-at="2021-08-10T11:47:15Z" name="electricTC" finished-at="2021-08-10T11:58:07Z" duration-ms="651618">
      <class name="com.muDomastic.qa.TestCases.USwitchGenericScenario">
        <test-method is-config="true" signature="setup()[pri:0, instance:com.muDomastic.qa.TestCases.USwitchGenericScenario@c86b9e3]" started-at="2021-08-10T12:47:15Z" name="setup" finished-at="2021-08-10T12:47:15Z" duration-ms="30" status="PASS">
          <reporter-output>
          </reporter-output>
        </test-method> <!-- setup -->
        <test-method signature="executevalue()[pri:0, instance:com.muDomastic.qa.TestCases.USwitchGenericScenario@c86b9e3]" started-at="2021-08-10T12:47:15Z" name="executevalue" finished-at="2021-08-10T12:58:07Z" duration-ms="651366" status="PASS">
          <reporter-output>
          </reporter-output>
        </test-method> <!-- executevalue -->
        <test-method is-config="true" signature="closeTest()[pri:0, instance:com.muDomastic.qa.TestCases.USwitchGenericScenario@c86b9e3]" started-at="2021-08-10T12:58:07Z" name="closeTest" finished-at="2021-08-10T12:58:07Z" duration-ms="182" status="PASS">
          <reporter-output>
          </reporter-output>
        </test-method> <!-- closeTest -->
      </class> <!-- com.muDomastic.qa.TestCases.USwitchGenericScenario -->
    </test> <!-- electricTC -->
  </suite> <!-- Test Suite -->
</testng-results>
