<?xml version="1.0" encoding="UTF-8"?>
<testng-results skipped="0" failed="0" ignored="0" total="1" passed="1">
  <reporter-output>
  </reporter-output>
  <suite name="Test Suite" duration-ms="77494" started-at="2021-07-22T16:18:12Z" finished-at="2021-07-22T16:19:30Z">
    <groups>
    </groups>
    <test name="electricTC" duration-ms="77494" started-at="2021-07-22T16:18:12Z" finished-at="2021-07-22T16:19:30Z">
      <class name="com.muDomastic.qa.TestCases.USwitchGenericScenario">
        <test-method status="PASS" signature="setup()[pri:0, instance:com.muDomastic.qa.TestCases.USwitchGenericScenario@108b2d7]" name="setup" is-config="true" duration-ms="12936" started-at="2021-07-22T17:18:12Z" finished-at="2021-07-22T17:18:25Z">
          <reporter-output>
          </reporter-output>
        </test-method> <!-- setup -->
        <test-method status="PASS" signature="executevalue()[pri:0, instance:com.muDomastic.qa.TestCases.USwitchGenericScenario@108b2d7]" name="executevalue" duration-ms="63092" started-at="2021-07-22T17:18:25Z" finished-at="2021-07-22T17:19:28Z">
          <reporter-output>
          </reporter-output>
        </test-method> <!-- executevalue -->
        <test-method status="PASS" signature="closeTest()[pri:0, instance:com.muDomastic.qa.TestCases.USwitchGenericScenario@108b2d7]" name="closeTest" is-config="true" duration-ms="1422" started-at="2021-07-22T17:19:28Z" finished-at="2021-07-22T17:19:30Z">
          <reporter-output>
          </reporter-output>
        </test-method> <!-- closeTest -->
      </class> <!-- com.muDomastic.qa.TestCases.USwitchGenericScenario -->
    </test> <!-- electricTC -->
  </suite> <!-- Test Suite -->
</testng-results>
